<?xml version="1.0" encoding="UTF-8"?>
<!-- Generated by org.testng.reporters.JUnitXMLReporter -->
<testsuite ignored="0" hostname="DESKTOP-C0K6CVK" failures="0" tests="5" name="Default test" time="34.933" errors="0" timestamp="2023-03-16T21:00:09 IST">
  <testcase classname="multiple.DDusingPOI" name="Login_using_POM" time="11.807"/>
  <testcase classname="multiple.DDusingPOI" name="Login_using_POM" time="2.879"/>
  <testcase classname="multiple.DDusingPOI" name="Login_using_POM" time="3.233"/>
  <testcase classname="multiple.DDusingPOI" name="Login_using_POM" time="2.876"/>
  <testcase classname="multiple.DDusingPOI" name="Login_using_POM" time="7.515"/>
</testsuite> <!-- Default test -->
