<?xml version="1.0" encoding="UTF-8"?>
<testng-results ignored="0" total="5" passed="5" failed="0" skipped="0">
  <reporter-output>
  </reporter-output>
  <suite started-at="2023-03-16T20:59:34 IST" name="Default suite" finished-at="2023-03-16T21:00:08 IST" duration-ms="34933">
    <groups>
    </groups>
    <test started-at="2023-03-16T20:59:34 IST" name="Default test" finished-at="2023-03-16T21:00:08 IST" duration-ms="34933">
      <class name="multiple.DDusingPOI">
        <test-method is-config="true" signature="launchDriver()[pri:0, instance:multiple.DDusingPOI@957e06]" started-at="2023-03-16T20:59:34 IST" name="launchDriver" finished-at="2023-03-16T20:59:38 IST" duration-ms="4217" status="PASS">
          <reporter-output>
          </reporter-output>
        </test-method> <!-- launchDriver -->
        <test-method signature="Login_using_POM(java.lang.String,java.lang.String)[pri:0, instance:multiple.DDusingPOI@957e06]" started-at="2023-03-16T20:59:40 IST" name="Login_using_POM" data-provider="loginData" finished-at="2023-03-16T20:59:52 IST" duration-ms="11807" status="PASS">
          <params>
            <param index="0">
              <value>
                <![CDATA[admin]]>
              </value>
            </param>
            <param index="1">
              <value>
                <![CDATA[admin123]]>
              </value>
            </param>
          </params>
          <reporter-output>
          </reporter-output>
        </test-method> <!-- Login_using_POM -->
        <test-method signature="Login_using_POM(java.lang.String,java.lang.String)[pri:0, instance:multiple.DDusingPOI@957e06]" started-at="2023-03-16T20:59:52 IST" name="Login_using_POM" data-provider="loginData" finished-at="2023-03-16T20:59:54 IST" duration-ms="2879" status="PASS">
          <params>
            <param index="0">
              <value>
                <![CDATA[domin]]>
              </value>
            </param>
            <param index="1">
              <value>
                <![CDATA[domin123]]>
              </value>
            </param>
          </params>
          <reporter-output>
          </reporter-output>
        </test-method> <!-- Login_using_POM -->
        <test-method signature="Login_using_POM(java.lang.String,java.lang.String)[pri:0, instance:multiple.DDusingPOI@957e06]" started-at="2023-03-16T20:59:54 IST" name="Login_using_POM" data-provider="loginData" finished-at="2023-03-16T20:59:58 IST" duration-ms="3233" status="PASS">
          <params>
            <param index="0">
              <value>
                <![CDATA[vomin]]>
              </value>
            </param>
            <param index="1">
              <value>
                <![CDATA[vomin123]]>
              </value>
            </param>
          </params>
          <reporter-output>
          </reporter-output>
        </test-method> <!-- Login_using_POM -->
        <test-method signature="Login_using_POM(java.lang.String,java.lang.String)[pri:0, instance:multiple.DDusingPOI@957e06]" started-at="2023-03-16T20:59:58 IST" name="Login_using_POM" data-provider="loginData" finished-at="2023-03-16T21:00:01 IST" duration-ms="2876" status="PASS">
          <params>
            <param index="0">
              <value>
                <![CDATA[xomin]]>
              </value>
            </param>
            <param index="1">
              <value>
                <![CDATA[xomin123]]>
              </value>
            </param>
          </params>
          <reporter-output>
          </reporter-output>
        </test-method> <!-- Login_using_POM -->
        <test-method signature="Login_using_POM(java.lang.String,java.lang.String)[pri:0, instance:multiple.DDusingPOI@957e06]" started-at="2023-03-16T21:00:01 IST" name="Login_using_POM" data-provider="loginData" finished-at="2023-03-16T21:00:08 IST" duration-ms="7515" status="PASS">
          <params>
            <param index="0">
              <value>
                <![CDATA[Admin]]>
              </value>
            </param>
            <param index="1">
              <value>
                <![CDATA[admin123]]>
              </value>
            </param>
          </params>
          <reporter-output>
          </reporter-output>
        </test-method> <!-- Login_using_POM -->
        <test-method is-config="true" signature="closeDriver()[pri:0, instance:multiple.DDusingPOI@957e06]" started-at="2023-03-16T21:00:08 IST" name="closeDriver" finished-at="2023-03-16T21:00:08 IST" duration-ms="408" status="PASS">
          <reporter-output>
          </reporter-output>
        </test-method> <!-- closeDriver -->
      </class> <!-- multiple.DDusingPOI -->
    </test> <!-- Default test -->
  </suite> <!-- Default suite -->
</testng-results>
