<?xml version="1.0" encoding="UTF-8"?>
<testsuite name="Cucumber" time="0.335" tests="5" skipped="0" failures="1" errors="0">
<testcase classname="Register new user" name="Create a new account with mandatory fields" time="0.038">
<failure type="java.lang.AssertionError" message="expected [false] but found [true]">
<![CDATA[java.lang.AssertionError: expected [false] but found [true]
	at org.testng.Assert.fail(Assert.java:110)
	at org.testng.Assert.failNotEquals(Assert.java:1577)
	at org.testng.Assert.assertFalse(Assert.java:78)
	at org.testng.Assert.assertFalse(Assert.java:88)
	at stepdefinitions.RegisterTest.user_clicks_create(RegisterTest.java:38)
	at ✽.user clicks create(file:///C:/Users/v-gokulsam/eclipse-workspace/cucumber/src/test/java/features/Register.feature:14)
]]>
</failure>
<system-out><![CDATA[
Given when user opens register page.........................................passed
When user enters all the mandatory details..................................passed
And user selects policy.....................................................passed
And user clicks create......................................................failed
Then account should be created..............................................skipped
]]></system-out>
</testcase>
<testcase classname="Login functionality" name="Login with valid and invalid credentials - Example #1.1" time="0.009">
<system-out><![CDATA[
Given User navigates to login page..........................................passed
When User enters valid email address gokuls2381@gmail.com...................passed
And user enters valid password "Gokul@123"..................................passed
And user clicks on login button.............................................passed
Then user should be logged in successfully or throw warning if credentials is wrong.passed
]]></system-out>
</testcase>
<testcase classname="Login functionality" name="Login with valid and invalid credentials - Example #1.2" time="0.004">
<system-out><![CDATA[
Given User navigates to login page..........................................passed
When User enters valid email address gokuls2381@gmail.com...................passed
And user enters valid password "Gokl@123"...................................passed
And user clicks on login button.............................................passed
Then user should be logged in successfully or throw warning if credentials is wrong.passed
]]></system-out>
</testcase>
<testcase classname="Login functionality" name="Login with valid and invalid credentials - Example #1.3" time="0.004">
<system-out><![CDATA[
Given User navigates to login page..........................................passed
When User enters valid email address gokuls231@gmail.com....................passed
And user enters valid password "Gokul@123"..................................passed
And user clicks on login button.............................................passed
Then user should be logged in successfully or throw warning if credentials is wrong.passed
]]></system-out>
</testcase>
<testcase classname="Login functionality" name="Login with valid and invalid credentials - Example #1.4" time="0.005">
<system-out><![CDATA[
Given User navigates to login page..........................................passed
When User enters valid email address gokuls2381@gmail.com...................passed
And user enters valid password "Gokul@123"..................................passed
And user clicks on login button.............................................passed
Then user should be logged in successfully or throw warning if credentials is wrong.passed
]]></system-out>
</testcase>
</testsuite>
