<?xml version="1.0" encoding="UTF-8"?>
<!-- Generated by org.testng.reporters.JUnitXMLReporter -->
<testsuite ignored="0" hostname="DESKTOP-C0K6CVK" failures="0" tests="4" name="Test" time="6.531" errors="0" timestamp="2023-02-14T20:40:46 IST">
  <testcase classname="restassured.apichain.CreateUserAPIChain" name="createUser" time="4.448"/>
  <testcase classname="restassured.apichain.GetUserAPIChain" name="getListUser" time="0.77"/>
  <testcase classname="restassured.apichain.UpdateUserAPIChain" name="updateList" time="0.602"/>
  <testcase classname="restassured.apichain.DeleteUserAPIChain" name="deleteList" time="0.633"/>
</testsuite> <!-- Test -->
