<?xml version="1.0" encoding="UTF-8"?>
<testsuite xmlns:xsi="http://www.w3.org/2001/XMLSchema-instance" xsi:noNamespaceSchemaLocation="https://maven.apache.org/surefire/maven-surefire-plugin/xsd/surefire-test-report-3.0.xsd" version="3.0" name="TestSuite" time="1.666" tests="5" errors="0" skipped="0" failures="1">
  <properties>
    <property name="java.specification.version" value="18"/>
    <property name="sun.cpu.isalist" value="amd64"/>
    <property name="sun.jnu.encoding" value="Cp1252"/>
    <property name="java.class.path" value="C:\Users\v-gokulsam\eclipse-workspace\cucumber\target\test-classes;C:\Users\v-gokulsam\eclipse-workspace\cucumber\target\classes;C:\Users\v-gokulsam\.m2\repository\io\cucumber\cucumber-java\7.11.2\cucumber-java-7.11.2.jar;C:\Users\v-gokulsam\.m2\repository\org\apiguardian\apiguardian-api\1.1.2\apiguardian-api-1.1.2.jar;C:\Users\v-gokulsam\.m2\repository\io\cucumber\cucumber-testng\7.11.2\cucumber-testng-7.11.2.jar;C:\Users\v-gokulsam\.m2\repository\org\testng\testng\7.7.1\testng-7.7.1.jar;C:\Users\v-gokulsam\.m2\repository\org\slf4j\slf4j-api\1.7.36\slf4j-api-1.7.36.jar;C:\Users\v-gokulsam\.m2\repository\com\beust\jcommander\1.82\jcommander-1.82.jar;C:\Users\v-gokulsam\.m2\repository\org\webjars\jquery\3.6.1\jquery-3.6.1.jar;C:\Users\v-gokulsam\.m2\repository\io\cucumber\cucumber-core\7.11.2\cucumber-core-7.11.2.jar;C:\Users\v-gokulsam\.m2\repository\io\cucumber\cucumber-gherkin\7.11.2\cucumber-gherkin-7.11.2.jar;C:\Users\v-gokulsam\.m2\repository\io\cucumber\cucumber-gherkin-messages\7.11.2\cucumber-gherkin-messages-7.11.2.jar;C:\Users\v-gokulsam\.m2\repository\io\cucumber\gherkin\26.0.3\gherkin-26.0.3.jar;C:\Users\v-gokulsam\.m2\repository\io\cucumber\messages\21.0.1\messages-21.0.1.jar;C:\Users\v-gokulsam\.m2\repository\io\cucumber\tag-expressions\5.0.1\tag-expressions-5.0.1.jar;C:\Users\v-gokulsam\.m2\repository\io\cucumber\cucumber-expressions\16.1.2\cucumber-expressions-16.1.2.jar;C:\Users\v-gokulsam\.m2\repository\io\cucumber\datatable\7.11.2\datatable-7.11.2.jar;C:\Users\v-gokulsam\.m2\repository\io\cucumber\cucumber-plugin\7.11.2\cucumber-plugin-7.11.2.jar;C:\Users\v-gokulsam\.m2\repository\io\cucumber\docstring\7.11.2\docstring-7.11.2.jar;C:\Users\v-gokulsam\.m2\repository\io\cucumber\html-formatter\20.2.1\html-formatter-20.2.1.jar;C:\Users\v-gokulsam\.m2\repository\io\cucumber\junit-xml-formatter\0.1.0\junit-xml-formatter-0.1.0.jar;C:\Users\v-gokulsam\.m2\repository\io\cucumber\ci-environment\9.1.0\ci-environment-9.1.0.jar;C:\Users\v-gokulsam\.m2\repository\io\cucumber\cucumber-junit\7.11.2\cucumber-junit-7.11.2.jar;C:\Users\v-gokulsam\.m2\repository\junit\junit\4.13.2\junit-4.13.2.jar;C:\Users\v-gokulsam\.m2\repository\org\hamcrest\hamcrest-core\1.3\hamcrest-core-1.3.jar;"/>
    <property name="java.vm.vendor" value="Oracle Corporation"/>
    <property name="sun.arch.data.model" value="64"/>
    <property name="user.variant" value=""/>
    <property name="java.vendor.url" value="https://java.oracle.com/"/>
    <property name="user.timezone" value="Asia/Calcutta"/>
    <property name="os.name" value="Windows 10"/>
    <property name="java.vm.specification.version" value="18"/>
    <property name="sun.java.launcher" value="SUN_STANDARD"/>
    <property name="user.country" value="IN"/>
    <property name="sun.boot.library.path" value="C:\Program Files\Java\jdk-18.0.2.1\bin"/>
    <property name="sun.java.command" value="C:\Users\v-gokulsam\AppData\Local\Temp\surefire8329964064530913658\surefirebooter-20230405174411302_3.jar C:\Users\v-gokulsam\AppData\Local\Temp\surefire8329964064530913658 2023-04-05T17-44-11_069-jvmRun1 surefire-20230405174411302_1tmp surefire_0-20230405174411302_2tmp"/>
    <property name="jdk.debug" value="release"/>
    <property name="surefire.test.class.path" value="C:\Users\v-gokulsam\eclipse-workspace\cucumber\target\test-classes;C:\Users\v-gokulsam\eclipse-workspace\cucumber\target\classes;C:\Users\v-gokulsam\.m2\repository\io\cucumber\cucumber-java\7.11.2\cucumber-java-7.11.2.jar;C:\Users\v-gokulsam\.m2\repository\org\apiguardian\apiguardian-api\1.1.2\apiguardian-api-1.1.2.jar;C:\Users\v-gokulsam\.m2\repository\io\cucumber\cucumber-testng\7.11.2\cucumber-testng-7.11.2.jar;C:\Users\v-gokulsam\.m2\repository\org\testng\testng\7.7.1\testng-7.7.1.jar;C:\Users\v-gokulsam\.m2\repository\org\slf4j\slf4j-api\1.7.36\slf4j-api-1.7.36.jar;C:\Users\v-gokulsam\.m2\repository\com\beust\jcommander\1.82\jcommander-1.82.jar;C:\Users\v-gokulsam\.m2\repository\org\webjars\jquery\3.6.1\jquery-3.6.1.jar;C:\Users\v-gokulsam\.m2\repository\io\cucumber\cucumber-core\7.11.2\cucumber-core-7.11.2.jar;C:\Users\v-gokulsam\.m2\repository\io\cucumber\cucumber-gherkin\7.11.2\cucumber-gherkin-7.11.2.jar;C:\Users\v-gokulsam\.m2\repository\io\cucumber\cucumber-gherkin-messages\7.11.2\cucumber-gherkin-messages-7.11.2.jar;C:\Users\v-gokulsam\.m2\repository\io\cucumber\gherkin\26.0.3\gherkin-26.0.3.jar;C:\Users\v-gokulsam\.m2\repository\io\cucumber\messages\21.0.1\messages-21.0.1.jar;C:\Users\v-gokulsam\.m2\repository\io\cucumber\tag-expressions\5.0.1\tag-expressions-5.0.1.jar;C:\Users\v-gokulsam\.m2\repository\io\cucumber\cucumber-expressions\16.1.2\cucumber-expressions-16.1.2.jar;C:\Users\v-gokulsam\.m2\repository\io\cucumber\datatable\7.11.2\datatable-7.11.2.jar;C:\Users\v-gokulsam\.m2\repository\io\cucumber\cucumber-plugin\7.11.2\cucumber-plugin-7.11.2.jar;C:\Users\v-gokulsam\.m2\repository\io\cucumber\docstring\7.11.2\docstring-7.11.2.jar;C:\Users\v-gokulsam\.m2\repository\io\cucumber\html-formatter\20.2.1\html-formatter-20.2.1.jar;C:\Users\v-gokulsam\.m2\repository\io\cucumber\junit-xml-formatter\0.1.0\junit-xml-formatter-0.1.0.jar;C:\Users\v-gokulsam\.m2\repository\io\cucumber\ci-environment\9.1.0\ci-environment-9.1.0.jar;C:\Users\v-gokulsam\.m2\repository\io\cucumber\cucumber-junit\7.11.2\cucumber-junit-7.11.2.jar;C:\Users\v-gokulsam\.m2\repository\junit\junit\4.13.2\junit-4.13.2.jar;C:\Users\v-gokulsam\.m2\repository\org\hamcrest\hamcrest-core\1.3\hamcrest-core-1.3.jar;"/>
    <property name="sun.cpu.endian" value="little"/>
    <property name="user.home" value="C:\Users\v-gokulsam"/>
    <property name="user.language" value="en"/>
    <property name="java.specification.vendor" value="Oracle Corporation"/>
    <property name="java.version.date" value="2022-08-18"/>
    <property name="java.home" value="C:\Program Files\Java\jdk-18.0.2.1"/>
    <property name="file.separator" value="\"/>
    <property name="basedir" value="C:\Users\v-gokulsam\eclipse-workspace\cucumber"/>
    <property name="java.vm.compressedOopsMode" value="Zero based"/>
    <property name="line.separator" value="&#10;"/>
    <property name="java.vm.specification.vendor" value="Oracle Corporation"/>
    <property name="java.specification.name" value="Java Platform API Specification"/>
    <property name="surefire.real.class.path" value="C:\Users\v-gokulsam\AppData\Local\Temp\surefire8329964064530913658\surefirebooter-20230405174411302_3.jar"/>
    <property name="user.script" value=""/>
    <property name="sun.management.compiler" value="HotSpot 64-Bit Tiered Compilers"/>
    <property name="java.runtime.version" value="18.0.2.1+1-1"/>
    <property name="user.name" value="v-gokulsam"/>
    <property name="path.separator" value=";"/>
    <property name="os.version" value="10.0"/>
    <property name="java.runtime.name" value="Java(TM) SE Runtime Environment"/>
    <property name="file.encoding" value="UTF-8"/>
    <property name="java.vm.name" value="Java HotSpot(TM) 64-Bit Server VM"/>
    <property name="localRepository" value="C:\Users\v-gokulsam\.m2\repository"/>
    <property name="java.vendor.url.bug" value="https://bugreport.java.com/bugreport/"/>
    <property name="java.io.tmpdir" value="C:\Users\V-GOKU~1\AppData\Local\Temp\"/>
    <property name="java.version" value="18.0.2.1"/>
    <property name="user.dir" value="C:\Users\v-gokulsam\eclipse-workspace\cucumber"/>
    <property name="os.arch" value="amd64"/>
    <property name="java.vm.specification.name" value="Java Virtual Machine Specification"/>
    <property name="sun.os.patch.level" value=""/>
    <property name="native.encoding" value="Cp1252"/>
    <property name="java.library.path" value="C:\Program Files\Java\jdk-18.0.2.1\bin;C:\Windows\Sun\Java\bin;C:\Windows\system32;C:\Windows;C:\Program Files\Common Files\Oracle\Java\javapath;C:\Windows\system32;C:\Windows;C:\Windows\System32\Wbem;C:\Windows\System32\WindowsPowerShell\v1.0\;C:\Windows\System32\OpenSSH\;C:\Program Files\nodejs\;C:\Users\v-gokulsam\Downloads\chromedriver;C:\Program Files\Git\cmd;C:\Program Files\apache-maven-3.9.1\bin;C:\Program Files\Java\jdk-18.0.2.1\bin;C:\Users\v-gokulsam\AppData\Local\Microsoft\WindowsApps;C:\Users\v-gokulsam\AppData\Roaming\npm;."/>
    <property name="java.vm.info" value="mixed mode, sharing"/>
    <property name="java.vendor" value="Oracle Corporation"/>
    <property name="java.vm.version" value="18.0.2.1+1-1"/>
    <property name="sun.io.unicode.encoding" value="UnicodeLittle"/>
    <property name="java.class.version" value="62.0"/>
  </properties>
  <testcase name="runScenario[&quot;Create a new account with mandatory fields&quot;, &quot;Register new user&quot;](1)" classname="runner.TestRunner" time="0.15">
    <failure message="expected [false] but found [true]" type="java.lang.AssertionError"><![CDATA[java.lang.AssertionError: expected [false] but found [true]
	at org.testng.Assert.fail(Assert.java:110)
	at org.testng.Assert.failNotEquals(Assert.java:1577)
	at org.testng.Assert.assertFalse(Assert.java:78)
	at org.testng.Assert.assertFalse(Assert.java:88)
	at stepdefinitions.RegisterTest.user_clicks_create(RegisterTest.java:38)
	at ✽.user clicks create(file:///C:/Users/v-gokulsam/eclipse-workspace/cucumber/src/test/java/features/Register.feature:14)
]]></failure>
    <system-out><![CDATA[
@register
Scenario: Create a new account with mandatory fields &amp#27;[90m# src/test/java/features/Register.feature:4&amp#27;[0m
a
  &amp#27;[32mGiven &amp#27;[0m&amp#27;[32mwhen user opens register page&amp#27;[0m                &amp#27;[90m# stepdefinitions.RegisterTest.when_user_opens_register_page()&amp#27;[0m
User entered fname Gokul
User entered lname Saminathan
User entered email gokuls2381@gmail.com
User entered telephone 2345678901
User entered password Gokul@123
User entered confirm Gokul@123
  &amp#27;[32mWhen &amp#27;[0m&amp#27;[32muser enters all the mandatory details&amp#27;[0m         &amp#27;[90m# stepdefinitions.RegisterTest.user_enters_all_the_mandatory_details(io.cucumber.datatable.DataTable)&amp#27;[0m
    | firstName | Gokul                |
    | lastName  | Saminathan           |
    | email     | gokuls2381@gmail.com |
    | telephone | 2345678901           |
    | password  | Gokul@123            |
    | confirm   | Gokul@123            |
a
  &amp#27;[32mAnd &amp#27;[0m&amp#27;[32muser selects policy&amp#27;[0m                            &amp#27;[90m# stepdefinitions.RegisterTest.user_selects_policy()&amp#27;[0m
a
  &amp#27;[31mAnd &amp#27;[0m&amp#27;[31muser clicks create&amp#27;[0m                             &amp#27;[90m# stepdefinitions.RegisterTest.user_clicks_create()&amp#27;[0m
      &amp#27;[31mjava.lang.AssertionError: expected [false] but found [true]
	at org.testng.Assert.fail(Assert.java:110)
	at org.testng.Assert.failNotEquals(Assert.java:1577)
	at org.testng.Assert.assertFalse(Assert.java:78)
	at org.testng.Assert.assertFalse(Assert.java:88)
	at stepdefinitions.RegisterTest.user_clicks_create(RegisterTest.java:38)
	at ✽.user clicks create(file:///C:/Users/v-gokulsam/eclipse-workspace/cucumber/src/test/java/features/Register.feature:14)
&amp#27;[0m
  &amp#27;[36mThen &amp#27;[0m&amp#27;[36maccount should be created&amp#27;[0m                     &amp#27;[90m# stepdefinitions.RegisterTest.account_should_be_created()&amp#27;[0m
]]></system-out>
    <system-err><![CDATA[SLF4J: Failed to load class "org.slf4j.impl.StaticLoggerBinder".
SLF4J: Defaulting to no-operation (NOP) logger implementation
SLF4J: See http://www.slf4j.org/codes.html#StaticLoggerBinder for further details.
]]></system-err>
  </testcase>
  <testcase name="runScenario[&quot;Login with valid and invalid credentials&quot;, &quot;Login functionality&quot;](2)" classname="runner.TestRunner" time="0.01">
    <system-out><![CDATA[
Scenario Outline: Login with valid and invalid credentials                            &amp#27;[90m# src/test/java/features/login.feature:15&amp#27;[0m
>>In login page
  &amp#27;[32mGiven &amp#27;[0m&amp#27;[32mUser navigates to login page&amp#27;[0m                                                  &amp#27;[90m# stepdefinitions.LoginTest.user_navigates_to_login_page()&amp#27;[0m
>>entered the username gokuls2381@gmail.com
  &amp#27;[32mWhen &amp#27;[0m&amp#27;[32mUser enters valid email address &amp#27;[0m&amp#27;[32m&amp#27;[1mgokuls2381@gmail.com&amp#27;[0m                           &amp#27;[90m# stepdefinitions.LoginTest.user_enters_valid_email_address(java.lang.String)&amp#27;[0m
>>entered the password "Gokul@123"
  &amp#27;[32mAnd &amp#27;[0m&amp#27;[32muser enters valid password &amp#27;[0m&amp#27;[32m&amp#27;[1m"Gokul@123"&amp#27;[0m                                          &amp#27;[90m# stepdefinitions.LoginTest.user_enters_valid_password(java.lang.String)&amp#27;[0m
>>clicks login
  &amp#27;[32mAnd &amp#27;[0m&amp#27;[32muser clicks on login button&amp#27;[0m                                                     &amp#27;[90m# stepdefinitions.LoginTest.user_clicks_on_login_button()&amp#27;[0m
>>Appropriate messgae
  &amp#27;[32mThen &amp#27;[0m&amp#27;[32muser should be logged in successfully or throw warning if credentials is wrong&amp#27;[0m &amp#27;[90m# stepdefinitions.LoginTest.user_should_be_logged_in_successfully_or_throw_warning_if_credentials_is_wrong()&amp#27;[0m
]]></system-out>
  </testcase>
  <testcase name="runScenario[&quot;Login with valid and invalid credentials&quot;, &quot;Login functionality&quot;](3)" classname="runner.TestRunner" time="0.014">
    <system-out><![CDATA[
Scenario Outline: Login with valid and invalid credentials                            &amp#27;[90m# src/test/java/features/login.feature:16&amp#27;[0m
>>In login page
  &amp#27;[32mGiven &amp#27;[0m&amp#27;[32mUser navigates to login page&amp#27;[0m                                                  &amp#27;[90m# stepdefinitions.LoginTest.user_navigates_to_login_page()&amp#27;[0m
>>entered the username gokuls2381@gmail.com
  &amp#27;[32mWhen &amp#27;[0m&amp#27;[32mUser enters valid email address &amp#27;[0m&amp#27;[32m&amp#27;[1mgokuls2381@gmail.com&amp#27;[0m                           &amp#27;[90m# stepdefinitions.LoginTest.user_enters_valid_email_address(java.lang.String)&amp#27;[0m
>>entered the password "Gokl@123"
  &amp#27;[32mAnd &amp#27;[0m&amp#27;[32muser enters valid password &amp#27;[0m&amp#27;[32m&amp#27;[1m"Gokl@123"&amp#27;[0m                                           &amp#27;[90m# stepdefinitions.LoginTest.user_enters_valid_password(java.lang.String)&amp#27;[0m
>>clicks login
  &amp#27;[32mAnd &amp#27;[0m&amp#27;[32muser clicks on login button&amp#27;[0m                                                     &amp#27;[90m# stepdefinitions.LoginTest.user_clicks_on_login_button()&amp#27;[0m
>>Appropriate messgae
  &amp#27;[32mThen &amp#27;[0m&amp#27;[32muser should be logged in successfully or throw warning if credentials is wrong&amp#27;[0m &amp#27;[90m# stepdefinitions.LoginTest.user_should_be_logged_in_successfully_or_throw_warning_if_credentials_is_wrong()&amp#27;[0m
]]></system-out>
  </testcase>
  <testcase name="runScenario[&quot;Login with valid and invalid credentials&quot;, &quot;Login functionality&quot;](4)" classname="runner.TestRunner" time="0.014">
    <system-out><![CDATA[
Scenario Outline: Login with valid and invalid credentials                            &amp#27;[90m# src/test/java/features/login.feature:17&amp#27;[0m
>>In login page
  &amp#27;[32mGiven &amp#27;[0m&amp#27;[32mUser navigates to login page&amp#27;[0m                                                  &amp#27;[90m# stepdefinitions.LoginTest.user_navigates_to_login_page()&amp#27;[0m
>>entered the username gokuls231@gmail.com
  &amp#27;[32mWhen &amp#27;[0m&amp#27;[32mUser enters valid email address &amp#27;[0m&amp#27;[32m&amp#27;[1mgokuls231@gmail.com&amp#27;[0m                            &amp#27;[90m# stepdefinitions.LoginTest.user_enters_valid_email_address(java.lang.String)&amp#27;[0m
>>entered the password "Gokul@123"
  &amp#27;[32mAnd &amp#27;[0m&amp#27;[32muser enters valid password &amp#27;[0m&amp#27;[32m&amp#27;[1m"Gokul@123"&amp#27;[0m                                          &amp#27;[90m# stepdefinitions.LoginTest.user_enters_valid_password(java.lang.String)&amp#27;[0m
>>clicks login
  &amp#27;[32mAnd &amp#27;[0m&amp#27;[32muser clicks on login button&amp#27;[0m                                                     &amp#27;[90m# stepdefinitions.LoginTest.user_clicks_on_login_button()&amp#27;[0m
>>Appropriate messgae
  &amp#27;[32mThen &amp#27;[0m&amp#27;[32muser should be logged in successfully or throw warning if credentials is wrong&amp#27;[0m &amp#27;[90m# stepdefinitions.LoginTest.user_should_be_logged_in_successfully_or_throw_warning_if_credentials_is_wrong()&amp#27;[0m
]]></system-out>
  </testcase>
  <testcase name="runScenario[&quot;Login with valid and invalid credentials&quot;, &quot;Login functionality&quot;](5)" classname="runner.TestRunner" time="0.014">
    <system-out><![CDATA[
Scenario Outline: Login with valid and invalid credentials                            &amp#27;[90m# src/test/java/features/login.feature:18&amp#27;[0m
>>In login page
  &amp#27;[32mGiven &amp#27;[0m&amp#27;[32mUser navigates to login page&amp#27;[0m                                                  &amp#27;[90m# stepdefinitions.LoginTest.user_navigates_to_login_page()&amp#27;[0m
>>entered the username gokuls2381@gmail.com
  &amp#27;[32mWhen &amp#27;[0m&amp#27;[32mUser enters valid email address &amp#27;[0m&amp#27;[32m&amp#27;[1mgokuls2381@gmail.com&amp#27;[0m                           &amp#27;[90m# stepdefinitions.LoginTest.user_enters_valid_email_address(java.lang.String)&amp#27;[0m
>>entered the password "Gokul@123"
  &amp#27;[32mAnd &amp#27;[0m&amp#27;[32muser enters valid password &amp#27;[0m&amp#27;[32m&amp#27;[1m"Gokul@123"&amp#27;[0m                                          &amp#27;[90m# stepdefinitions.LoginTest.user_enters_valid_password(java.lang.String)&amp#27;[0m
>>clicks login
  &amp#27;[32mAnd &amp#27;[0m&amp#27;[32muser clicks on login button&amp#27;[0m                                                     &amp#27;[90m# stepdefinitions.LoginTest.user_clicks_on_login_button()&amp#27;[0m
>>Appropriate messgae
  &amp#27;[32mThen &amp#27;[0m&amp#27;[32muser should be logged in successfully or throw warning if credentials is wrong&amp#27;[0m &amp#27;[90m# stepdefinitions.LoginTest.user_should_be_logged_in_successfully_or_throw_warning_if_credentials_is_wrong()&amp#27;[0m
]]></system-out>
  </testcase>
</testsuite>