<?xml version="1.0" encoding="UTF-8"?>
<testsuite xmlns:xsi="http://www.w3.org/2001/XMLSchema-instance" xsi:noNamespaceSchemaLocation="https://maven.apache.org/surefire/maven-surefire-plugin/xsd/surefire-test-report-3.0.xsd" version="3.0" name="TestSuite" time="1.666" tests="5" errors="0" skipped="0" failures="1">
  <properties>
[...]
</properties>
  <testcase name="runScenario[&quot;Create a new account with mandatory fields&quot;, &quot;Register new user&quot;](1)" classname="runner.TestRunner" time="0.15">
    <failure message="expected [false] but found [true]" type="java.lang.AssertionError"><![CDATA[java.lang.AssertionError: expected [false] but found [true]
	at org.testng.Assert.fail(Assert.java:110)
	at org.testng.Assert.failNotEquals(Assert.java:1577)
	at org.testng.Assert.assertFalse(Assert.java:78)
	at org.testng.Assert.assertFalse(Assert.java:88)
	at stepdefinitions.RegisterTest.user_clicks_create(RegisterTest.java:38)
	at ✽.user clicks create(file:///C:/Users/v-gokulsam/eclipse-workspace/cucumber/src/test/java/features/Register.feature:14)
]]></failure>
    <system-out><![CDATA[
@register
Scenario: Create a new account with mandatory fields &amp#27;[90m# src/test/java/features/Register.feature:4&amp#27;[0m
a
  &amp#27;[32mGiven &amp#27;[0m&amp#27;[32mwhen user opens register page&amp#27;[0m                &amp#27;[90m# stepdefinitions.RegisterTest.when_user_opens_register_page()&amp#27;[0m
User entered fname Gokul
User entered lname Saminathan
User entered email gokuls2381@gmail.com
User entered telephone 2345678901
User entered password Gokul@123
User entered confirm Gokul@123
  &amp#27;[32mWhen &amp#27;[0m&amp#27;[32muser enters all the mandatory details&amp#27;[0m         &amp#27;[90m# stepdefinitions.RegisterTest.user_enters_all_the_mandatory_details(io.cucumber.datatable.DataTable)&amp#27;[0m
    | firstName | Gokul                |
    | lastName  | Saminathan           |
    | email     | gokuls2381@gmail.com |
    | telephone | 2345678901           |
    | password  | Gokul@123            |
    | confirm   | Gokul@123            |
a
  &amp#27;[32mAnd &amp#27;[0m&amp#27;[32muser selects policy&amp#27;[0m                            &amp#27;[90m# stepdefinitions.RegisterTest.user_selects_policy()&amp#27;[0m
a
  &amp#27;[31mAnd &amp#27;[0m&amp#27;[31muser clicks create&amp#27;[0m                             &amp#27;[90m# stepdefinitions.RegisterTest.user_clicks_create()&amp#27;[0m
      &amp#27;[31mjava.lang.AssertionError: expected [false] but found [true]
	at org.testng.Assert.fail(Assert.java:110)
	at org.testng.Assert.failNotEquals(Assert.java:1577)
	at org.testng.Assert.assertFalse(Assert.java:78)
	at org.testng.Assert.assertFalse(Assert.java:88)
	at stepdefinitions.RegisterTest.user_clicks_create(RegisterTest.java:38)
	at ✽.user clicks create(file:///C:/Users/v-gokulsam/eclipse-workspace/cucumber/src/test/java/features/Register.feature:14)
&amp#27;[0m
  &amp#27;[36mThen &amp#27;[0m&amp#27;[36maccount should be created&amp#27;[0m                     &amp#27;[90m# stepdefinitions.RegisterTest.account_should_be_created()&amp#27;[0m
]]></system-out>
    <system-err><![CDATA[SLF4J: Failed to load class "org.slf4j.impl.StaticLoggerBinder".
SLF4J: Defaulting to no-operation (NOP) logger implementation
SLF4J: See http://www.slf4j.org/codes.html#StaticLoggerBinder for further details.
]]></system-err>
  </testcase>
  <testcase name="runScenario[&quot;Login with valid and invalid credentials&quot;, &quot;Login functionality&quot;](2)" classname="runner.TestRunner" time="0.01">
    <system-out><![CDATA[
Scenario Outline: Login with valid and invalid credentials                            &amp#27;[90m# src/test/java/features/login.feature:15&amp#27;[0m
>>In login page
  &amp#27;[32mGiven &amp#27;[0m&amp#27;[32mUser navigates to login page&amp#27;[0m                                                  &amp#27;[90m# stepdefinitions.LoginTest.user_navigates_to_login_page()&amp#27;[0m
>>entered the username gokuls2381@gmail.com
  &amp#27;[32mWhen &amp#27;[0m&amp#27;[32mUser enters valid email address &amp#27;[0m&amp#27;[32m&amp#27;[1mgokuls2381@gmail.com&amp#27;[0m                           &amp#27;[90m# stepdefinitions.LoginTest.user_enters_valid_email_address(java.lang.String)&amp#27;[0m
>>entered the password "Gokul@123"
  &amp#27;[32mAnd &amp#27;[0m&amp#27;[32muser enters valid password &amp#27;[0m&amp#27;[32m&amp#27;[1m"Gokul@123"&amp#27;[0m                                          &amp#27;[90m# stepdefinitions.LoginTest.user_enters_valid_password(java.lang.String)&amp#27;[0m
>>clicks login
  &amp#27;[32mAnd &amp#27;[0m&amp#27;[32muser clicks on login button&amp#27;[0m                                                     &amp#27;[90m# stepdefinitions.LoginTest.user_clicks_on_login_button()&amp#27;[0m
>>Appropriate messgae
  &amp#27;[32mThen &amp#27;[0m&amp#27;[32muser should be logged in successfully or throw warning if credentials is wrong&amp#27;[0m &amp#27;[90m# stepdefinitions.LoginTest.user_should_be_logged_in_successfully_or_throw_warning_if_credentials_is_wrong()&amp#27;[0m
]]></system-out>
  </testcase>
  <testcase name="runScenario[&quot;Login with valid and invalid credentials&quot;, &quot;Login functionality&quot;](3)" classname="runner.TestRunner" time="0.014">
    <system-out><![CDATA[
Scenario Outline: Login with valid and invalid credentials                            &amp#27;[90m# src/test/java/features/login.feature:16&amp#27;[0m
>>In login page
  &amp#27;[32mGiven &amp#27;[0m&amp#27;[32mUser navigates to login page&amp#27;[0m                                                  &amp#27;[90m# stepdefinitions.LoginTest.user_navigates_to_login_page()&amp#27;[0m
>>entered the username gokuls2381@gmail.com
  &amp#27;[32mWhen &amp#27;[0m&amp#27;[32mUser enters valid email address &amp#27;[0m&amp#27;[32m&amp#27;[1mgokuls2381@gmail.com&amp#27;[0m                           &amp#27;[90m# stepdefinitions.LoginTest.user_enters_valid_email_address(java.lang.String)&amp#27;[0m
>>entered the password "Gokl@123"
  &amp#27;[32mAnd &amp#27;[0m&amp#27;[32muser enters valid password &amp#27;[0m&amp#27;[32m&amp#27;[1m"Gokl@123"&amp#27;[0m                                           &amp#27;[90m# stepdefinitions.LoginTest.user_enters_valid_password(java.lang.String)&amp#27;[0m
>>clicks login
  &amp#27;[32mAnd &amp#27;[0m&amp#27;[32muser clicks on login button&amp#27;[0m                                                     &amp#27;[90m# stepdefinitions.LoginTest.user_clicks_on_login_button()&amp#27;[0m
>>Appropriate messgae
  &amp#27;[32mThen &amp#27;[0m&amp#27;[32muser should be logged in successfully or throw warning if credentials is wrong&amp#27;[0m &amp#27;[90m# stepdefinitions.LoginTest.user_should_be_logged_in_successfully_or_throw_warning_if_credentials_is_wrong()&amp#27;[0m
]]></system-out>
  </testcase>
  <testcase name="runScenario[&quot;Login with valid and invalid credentials&quot;, &quot;Login functionality&quot;](4)" classname="runner.TestRunner" time="0.014">
    <system-out><![CDATA[
Scenario Outline: Login with valid and invalid credentials                            &amp#27;[90m# src/test/java/features/login.feature:17&amp#27;[0m
>>In login page
  &amp#27;[32mGiven &amp#27;[0m&amp#27;[32mUser navigates to login page&amp#27;[0m                                                  &amp#27;[90m# stepdefinitions.LoginTest.user_navigates_to_login_page()&amp#27;[0m
>>entered the username gokuls231@gmail.com
  &amp#27;[32mWhen &amp#27;[0m&amp#27;[32mUser enters valid email address &amp#27;[0m&amp#27;[32m&amp#27;[1mgokuls231@gmail.com&amp#27;[0m                            &amp#27;[90m# stepdefinitions.LoginTest.user_enters_valid_email_address(java.lang.String)&amp#27;[0m
>>entered the password "Gokul@123"
  &amp#27;[32mAnd &amp#27;[0m&amp#27;[32muser enters valid password &amp#27;[0m&amp#27;[32m&amp#27;[1m"Gokul@123"&amp#27;[0m                                          &amp#27;[90m# stepdefinitions.LoginTest.user_enters_valid_password(java.lang.String)&amp#27;[0m
>>clicks login
  &amp#27;[32mAnd &amp#27;[0m&amp#27;[32muser clicks on login button&amp#27;[0m                                                     &amp#27;[90m# stepdefinitions.LoginTest.user_clicks_on_login_button()&amp#27;[0m
>>Appropriate messgae
  &amp#27;[32mThen &amp#27;[0m&amp#27;[32muser should be logged in successfully or throw warning if credentials is wrong&amp#27;[0m &amp#27;[90m# stepdefinitions.LoginTest.user_should_be_logged_in_successfully_or_throw_warning_if_credentials_is_wrong()&amp#27;[0m
]]></system-out>
  </testcase>
  <testcase name="runScenario[&quot;Login with valid and invalid credentials&quot;, &quot;Login functionality&quot;](5)" classname="runner.TestRunner" time="0.014">
    <system-out><![CDATA[
Scenario Outline: Login with valid and invalid credentials                            &amp#27;[90m# src/test/java/features/login.feature:18&amp#27;[0m
>>In login page
  &amp#27;[32mGiven &amp#27;[0m&amp#27;[32mUser navigates to login page&amp#27;[0m                                                  &amp#27;[90m# stepdefinitions.LoginTest.user_navigates_to_login_page()&amp#27;[0m
>>entered the username gokuls2381@gmail.com
  &amp#27;[32mWhen &amp#27;[0m&amp#27;[32mUser enters valid email address &amp#27;[0m&amp#27;[32m&amp#27;[1mgokuls2381@gmail.com&amp#27;[0m                           &amp#27;[90m# stepdefinitions.LoginTest.user_enters_valid_email_address(java.lang.String)&amp#27;[0m
>>entered the password "Gokul@123"
  &amp#27;[32mAnd &amp#27;[0m&amp#27;[32muser enters valid password &amp#27;[0m&amp#27;[32m&amp#27;[1m"Gokul@123"&amp#27;[0m                                          &amp#27;[90m# stepdefinitions.LoginTest.user_enters_valid_password(java.lang.String)&amp#27;[0m
>>clicks login
  &amp#27;[32mAnd &amp#27;[0m&amp#27;[32muser clicks on login button&amp#27;[0m                                                     &amp#27;[90m# stepdefinitions.LoginTest.user_clicks_on_login_button()&amp#27;[0m
>>Appropriate messgae
  &amp#27;[32mThen &amp#27;[0m&amp#27;[32muser should be logged in successfully or throw warning if credentials is wrong&amp#27;[0m &amp#27;[90m# stepdefinitions.LoginTest.user_should_be_logged_in_successfully_or_throw_warning_if_credentials_is_wrong()&amp#27;[0m
]]></system-out>
  </testcase>
</testsuite>