<?xml version="1.0" encoding="UTF-8"?>
<testng-results ignored="2" total="3" passed="1" failed="0" skipped="0">
  <reporter-output>
  </reporter-output>
  <suite started-at="2023-02-27T20:33:19 IST" name="Default suite" finished-at="2023-02-27T20:33:20 IST" duration-ms="714">
    <groups>
    </groups>
    <test started-at="2023-02-27T20:33:19 IST" name="Default test" finished-at="2023-02-27T20:33:20 IST" duration-ms="714">
      <class name="jackson.annotations.JsonAnnotationsDemo">
        <test-method signature="JsonRawValue()[pri:0, instance:jackson.annotations.JsonAnnotationsDemo@58695725]" started-at="2023-02-27T20:33:19 IST" name="JsonRawValue" finished-at="2023-02-27T20:33:20 IST" duration-ms="599" status="PASS">
          <reporter-output>
          </reporter-output>
        </test-method> <!-- JsonRawValue -->
      </class> <!-- jackson.annotations.JsonAnnotationsDemo -->
    </test> <!-- Default test -->
  </suite> <!-- Default suite -->
</testng-results>
