<?xml version="1.0" encoding="UTF-8"?>
<!-- Generated by org.testng.reporters.JUnitXMLReporter -->
<testsuite ignored="2" hostname="DESKTOP-C0K6CVK" failures="0" tests="1" name="Default test" time="0.714" errors="0" timestamp="2023-02-27T20:33:20 IST">
  <testcase classname="jackson.annotations.JsonAnnotationsDemo" name="JsonRawValue" time="0.599"/>
  <testcase classname="jackson.annotations.JsonAnnotationsDemo" name="JsonGetter" time="0.0">
    <ignored/>
  </testcase> <!-- JsonGetter -->
  <testcase classname="jackson.annotations.JsonAnnotationsDemo" name="testJsonAnyGetter" time="0.0">
    <ignored/>
  </testcase> <!-- testJsonAnyGetter -->
</testsuite> <!-- Default test -->
