<?xml version="1.0" encoding="UTF-8"?>
<!-- Generated by org.testng.reporters.JUnitXMLReporter -->
<testsuite ignored="0" hostname="DESKTOP-C0K6CVK" failures="1" tests="4" name="Test2" time="0.042" errors="0" timestamp="2023-03-19T15:51:15 IST">
  <testcase classname="listernersDemoClasses.OrderofExecutionDemo" name="order3" time="0.005"/>
  <testcase classname="listernersDemoClasses.OrderofExecutionDemo" name="order" time="0.002"/>
  <testcase classname="listernersDemoClasses.OrderofExecutionDemo" name="order1" time="0.005">
    <failure type="java.lang.AssertionError" message="null">
      <![CDATA[java.lang.AssertionError: null
at listernersDemoClasses.OrderofExecutionDemo.order1(OrderofExecutionDemo.java:16)
at java.base/java.util.ArrayList.forEach(ArrayList.java:1511)
... Removed 29 stack frames]]>
    </failure>
  </testcase> <!-- order1 -->
  <testcase classname="listernersDemoClasses.OrderofExecutionDemo" name="order2" time="0.0">
    <skipped/>
  </testcase> <!-- order2 -->
</testsuite> <!-- Test2 -->
